<?xml version="1.0" encoding="UTF-8"?>
<!-- Generated by org.testng.reporters.JUnitReportReporter -->
<testsuite skipped="0" hostname="NiJAs-MacBook-Air.local" name="com.api.test.item.CreateItems" tests="2" failures="0" timestamp="2020-10-09T20:53:15 PDT" time="1288014.125" errors="0">
  <testcase name="getItem" time="1288010.125" classname="com.api.test.item.CreateItems"/>
  <system-out/>
  <testcase name="createItem" time="3.991" classname="com.api.test.item.CreateItems"/>
  <system-out/>
</testsuite> <!-- com.api.test.item.CreateItems -->
